<?xml version="1.0" encoding="UTF-8"?>
<testng-results ignored="0" total="0" passed="0" failed="0" skipped="0">
  <reporter-output>
  </reporter-output>
  <suite started-at="2019-07-18T23:51:25Z" name="Default suite" finished-at="2019-07-18T23:52:34Z" duration-ms="68713">
    <groups>
    </groups>
    <test started-at="2019-07-18T23:51:25Z" name="Default test" finished-at="2019-07-18T23:52:34Z" duration-ms="68713">
      <class name="com.automationpractice.TestScripts.WorkFlow">
        <test-method is-config="true" signature="initialize()[pri:0, instance:com.automationpractice.TestScripts.WorkFlow@4da602fc]" started-at="2019-07-18T23:51:25Z" name="initialize" finished-at="2019-07-18T23:52:32Z" duration-ms="67168" status="PASS">
          <reporter-output>
          </reporter-output>
        </test-method> <!-- initialize -->
        <test-method is-config="true" signature="tearDown()[pri:0, instance:com.automationpractice.TestScripts.WorkFlow@4da602fc]" started-at="2019-07-18T23:52:32Z" name="tearDown" finished-at="2019-07-18T23:52:34Z" duration-ms="1279" status="PASS">
          <reporter-output>
          </reporter-output>
        </test-method> <!-- tearDown -->
      </class> <!-- com.automationpractice.TestScripts.WorkFlow -->
    </test> <!-- Default test -->
  </suite> <!-- Default suite -->
</testng-results>
